<?xml version="1.0" encoding="UTF-8"?>
<testng-results total="0" passed="0" failed="0" skipped="0">
  <reporter-output>
  </reporter-output>
  <suite started-at="2021-05-06T20:06:06Z" name="Testing Google Apps" finished-at="2021-05-06T20:06:06Z" duration-ms="9">
    <groups>
    </groups>
    <test started-at="2021-05-06T20:06:06Z" name="Regression" finished-at="2021-05-06T20:06:06Z" duration-ms="9">
    </test> <!-- Regression -->
  </suite> <!-- Testing Google Apps -->
</testng-results>
